#
# There is insufficient memory for the Java Runtime Environment to continue.
# Native memory allocation (mmap) failed to map 268435456 bytes for G1 virtual space
# Possible reasons:
#   The system is out of physical RAM or swap space
#   The process is running with CompressedOops enabled, and the Java Heap may be blocking the growth of the native heap
# Possible solutions:
#   Reduce memory load on the system
#   Increase physical memory or swap space
#   Check if swap backing store is full
#   Decrease Java heap size (-Xmx/-Xms)
#   Decrease number of Java threads
#   Decrease Java thread stack sizes (-Xss)
#   Set larger code cache with -XX:ReservedCodeCacheSize=
#   JVM is running with Zero Based Compressed Oops mode in which the Java heap is
#     placed in the first 32GB address space. The Java Heap base address is the
#     maximum limit for the native heap growth. Please use -XX:HeapBaseMinAddress
#     to set the Java Heap base and to place the Java Heap above 32GB virtual address.
# This output file may be truncated or incomplete.
#
#  Out of Memory Error (os_windows.cpp:3771), pid=25068, tid=5552
#
# JRE version:  (17.0.7) (build )
# Java VM: OpenJDK 64-Bit Server VM (17.0.7+0-b2043.56-10550314, mixed mode, sharing, tiered, compressed oops, compressed class ptrs, g1 gc, windows-amd64)
# No core dump will be written. Minidumps are not enabled by default on client versions of Windows
#

---------------  S U M M A R Y ------------

Command Line: git4idea.http.GitAskPassApp Username for 'https://github.com': 

Host: Intel(R) Core(TM) i5-10400F CPU @ 2.90GHz, 12 cores, 15G,  Windows 10 , 64 bit Build 19041 (10.0.19041.3636)
Time: Fri Dec 22 01:19:28 2023 RTZ 2 (s 10 , 64 bit Build 19041 (10.0.19041.3636) elapsed time: 0.458076 seconds (0d 0h 0m 0s)

---------------  T H R E A D  ---------------

Current thread (0x0000018c2299e1a0):  JavaThread "Unknown thread" [_thread_in_vm, id=5552, stack(0x0000007179500000,0x0000007179600000)]

Stack: [0x0000007179500000,0x0000007179600000]
Native frames: (J=compiled Java code, j=interpreted, Vv=VM code, C=native code)
V  [jvm.dll+0x683bfa]
V  [jvm.dll+0x8430a4]
V  [jvm.dll+0x8449be]
V  [jvm.dll+0x845023]
V  [jvm.dll+0x24ad2f]
V  [jvm.dll+0x680ac9]
V  [jvm.dll+0x67519a]
V  [jvm.dll+0x30b3cb]
V  [jvm.dll+0x312876]
V  [jvm.dll+0x36221e]
V  [jvm.dll+0x36244f]
V  [jvm.dll+0x2e14a8]
V  [jvm.dll+0x2e2414]
V  [jvm.dll+0x814391]
V  [jvm.dll+0x36ffe1]
V  [jvm.dll+0x7f396c]
V  [jvm.dll+0x3f305f]
V  [jvm.dll+0x3f4b91]
C  [jli.dll+0x528f]
C  [ucrtbase.dll+0x21bb2]
C  [KERNEL32.DLL+0x17344]
C  [ntdll.dll+0x526b1]


---------------  P R O C E S S  ---------------

Threads class SMR info:
_java_thread_list=0x00007ffe654cd098, length=0, elements={
}

Java Threads: ( => current thread )

Other Threads:
  0x0000018c22a09b70 GCTaskThread "GC Thread#0" [stack: 0x0000007179600000,0x0000007179700000] [id=24904]
  0x0000018c22a1a970 ConcurrentGCThread "G1 Main Marker" [stack: 0x0000007179700000,0x0000007179800000] [id=25112]
  0x0000018c22a1b380 ConcurrentGCThread "G1 Conc#0" [stack: 0x0000007179800000,0x0000007179900000] [id=24832]

[error occurred during error reporting (printing all threads), id 0xc0000005, EXCEPTION_ACCESS_VIOLATION (0xc0000005) at pc=0x00007ffe64c82087]

VM state: not at safepoint (not fully initialized)

VM Mutex/Monitor currently owned by a thread:  ([mutex/lock_event])
[0x0000018c229988e0] Heap_lock - owner thread: 0x0000018c2299e1a0

Heap address: 0x0000000701400000, size: 4076 MB, Compressed Oops mode: Zero based, Oop shift amount: 3

CDS archive(s) mapped at: [0x0000000000000000-0x0000000000000000-0x0000000000000000), size 0, SharedBaseAddress: 0x0000000800000000, ArchiveRelocationMode: 0.
Narrow klass base: 0x0000000000000000, Narrow klass shift: 0, Narrow klass range: 0x0

GC Precious Log:
<Empty>

Heap:
 garbage-first heap   total 0K, used 0K [0x0000000701400000, 0x0000000800000000)
  region size 2048K, 0 young (0K), 0 survivors (0K)
 Metaspace       used 0K, committed 0K, reserved 0K
  class space    used 0K, committed 0K, reserved 0K

Heap Regions: E=young(eden), S=young(survivor), O=old, HS=humongous(starts), HC=humongous(continues), CS=collection set, F=free, OA=open archive, CA=closed archive, TAMS=top-at-mark-start (previous, next)

Card table byte_map: [0x0000018c35be0000,0x0000018c363e0000] _byte_map_base: 0x0000018c323d6000

Marking Bits (Prev, Next): (CMBitMap*) 0x0000018c22a0a180, (CMBitMap*) 0x0000018c22a0a1c0
 Prev Bits: [0x0000018c36be0000, 0x0000018c3ab90000)
 Next Bits: [0x0000018c3ab90000, 0x0000018c3eb40000)

GC Heap History (0 events):
No events

Dll operation events (1 events):
Event: 0.441 Loaded shared library D:\Android Studio\jbr\bin\java.dll

Deoptimization events (0 events):
No events

Classes unloaded (0 events):
No events

Classes redefined (0 events):
No events

Internal exceptions (0 events):
No events

VM Operations (0 events):
No events

Events (0 events):
No events


Dynamic libraries:
0x00007ff731910000 - 0x00007ff73191a000 	D:\Android Studio\jbr\bin\java.exe
0x00007ffeda110000 - 0x00007ffeda308000 	C:\Windows\SYSTEM32\ntdll.dll
0x00007ffed9b40000 - 0x00007ffed9bfd000 	C:\Windows\System32\KERNEL32.DLL
0x00007ffed7a70000 - 0x00007ffed7d66000 	C:\Windows\System32\KERNELBASE.dll
0x00007ffed7820000 - 0x00007ffed7920000 	C:\Windows\System32\ucrtbase.dll
0x00007ffece670000 - 0x00007ffece687000 	D:\Android Studio\jbr\bin\jli.dll
0x00007ffed8170000 - 0x00007ffed830e000 	C:\Windows\System32\USER32.dll
0x00007ffeb9c70000 - 0x00007ffeb9f0a000 	C:\Windows\WinSxS\amd64_microsoft.windows.common-controls_6595b64144ccf1df_6.0.19041.3636_none_60b6a03d71f818d5\COMCTL32.dll
0x00007ffed7920000 - 0x00007ffed7942000 	C:\Windows\System32\win32u.dll
0x00007ffed9e40000 - 0x00007ffed9ede000 	C:\Windows\System32\msvcrt.dll
0x00007ffed8600000 - 0x00007ffed862c000 	C:\Windows\System32\GDI32.dll
0x00007ffed7950000 - 0x00007ffed7a6a000 	C:\Windows\System32\gdi32full.dll
0x00007ffed80d0000 - 0x00007ffed816d000 	C:\Windows\System32\msvcp_win.dll
0x00007ffec9730000 - 0x00007ffec974b000 	D:\Android Studio\jbr\bin\VCRUNTIME140.dll
0x00007ffed89a0000 - 0x00007ffed89d0000 	C:\Windows\System32\IMM32.DLL
0x00007ffed23f0000 - 0x00007ffed23fc000 	D:\Android Studio\jbr\bin\vcruntime140_1.dll
0x00007ffeb8890000 - 0x00007ffeb891d000 	D:\Android Studio\jbr\bin\msvcp140.dll
0x00007ffe64990000 - 0x00007ffe65610000 	D:\Android Studio\jbr\bin\server\jvm.dll
0x00007ffed86d0000 - 0x00007ffed877f000 	C:\Windows\System32\ADVAPI32.dll
0x00007ffed8630000 - 0x00007ffed86cc000 	C:\Windows\System32\sechost.dll
0x00007ffed9190000 - 0x00007ffed92b6000 	C:\Windows\System32\RPCRT4.dll
0x00007ffec7ea0000 - 0x00007ffec7ec7000 	C:\Windows\SYSTEM32\WINMM.dll
0x00007ffed0950000 - 0x00007ffed095a000 	C:\Windows\SYSTEM32\VERSION.dll
0x00007ffed44b0000 - 0x00007ffed44b9000 	C:\Windows\SYSTEM32\WSOCK32.dll
0x00007ffed8310000 - 0x00007ffed837b000 	C:\Windows\System32\WS2_32.dll
0x00007ffed55f0000 - 0x00007ffed5602000 	C:\Windows\SYSTEM32\kernel.appcore.dll
0x00007ffed3fd0000 - 0x00007ffed3fda000 	D:\Android Studio\jbr\bin\jimage.dll
0x00007ffed0300000 - 0x00007ffed04e4000 	C:\Windows\SYSTEM32\DBGHELP.DLL
0x00007ffecfc40000 - 0x00007ffecfc74000 	C:\Windows\SYSTEM32\dbgcore.DLL
0x00007ffed7ed0000 - 0x00007ffed7f52000 	C:\Windows\System32\bcryptPrimitives.dll
0x00007ffecf020000 - 0x00007ffecf045000 	D:\Android Studio\jbr\bin\java.dll

dbghelp: loaded successfully - version: 4.0.5 - missing functions: none
symbol engine: initialized successfully - sym options: 0x614 - pdb path: .;D:\Android Studio\jbr\bin;C:\Windows\SYSTEM32;C:\Windows\WinSxS\amd64_microsoft.windows.common-controls_6595b64144ccf1df_6.0.19041.3636_none_60b6a03d71f818d5;D:\Android Studio\jbr\bin\server

VM Arguments:
java_command: git4idea.http.GitAskPassApp Username for 'https://github.com': 
java_class_path (initial): D:/Android Studio/plugins/vcs-git/lib/git4idea-rt.jar;D:/Android Studio/lib/externalProcess-rt.jar
Launcher Type: SUN_STANDARD

[Global flags]
     intx CICompilerCount                          = 4                                         {product} {ergonomic}
     uint ConcGCThreads                            = 3                                         {product} {ergonomic}
     uint G1ConcRefinementThreads                  = 10                                        {product} {ergonomic}
   size_t G1HeapRegionSize                         = 2097152                                   {product} {ergonomic}
    uintx GCDrainStackTargetSize                   = 64                                        {product} {ergonomic}
   size_t InitialHeapSize                          = 268435456                                 {product} {ergonomic}
   size_t MarkStackSize                            = 4194304                                   {product} {ergonomic}
   size_t MaxHeapSize                              = 4273995776                                {product} {ergonomic}
   size_t MinHeapDeltaBytes                        = 2097152                                   {product} {ergonomic}
   size_t MinHeapSize                              = 8388608                                   {product} {ergonomic}
    uintx NonNMethodCodeHeapSize                   = 5839372                                {pd product} {ergonomic}
    uintx NonProfiledCodeHeapSize                  = 122909434                              {pd product} {ergonomic}
    uintx ProfiledCodeHeapSize                     = 122909434                              {pd product} {ergonomic}
    uintx ReservedCodeCacheSize                    = 251658240                              {pd product} {ergonomic}
     bool SegmentedCodeCache                       = true                                      {product} {ergonomic}
   size_t SoftMaxHeapSize                          = 4273995776                             {manageable} {ergonomic}
     bool UseCompressedClassPointers               = true                           {product lp64_product} {ergonomic}
     bool UseCompressedOops                        = true                           {product lp64_product} {ergonomic}
     bool UseG1GC                                  = true                                      {product} {ergonomic}
     bool UseLargePagesIndividualAllocation        = false                                  {pd product} {ergonomic}

Logging:
Log output configuration:
 #0: stdout all=warning uptime,level,tags
 #1: stderr all=off uptime,level,tags

Environment Variables:
PATH=D:\Git\mingw64\libexec\git-core;D:\Git\mingw64\libexec\git-core;D:\Git\mingw64\bin;D:\Git\usr\bin;C:\Users\balan\bin;C:\Program Files (x86)\Common Files\Intel\Shared Libraries\redist\intel64\compiler;C:\Program Files\Common Files\Oracle\Java\javapath;C:\ProgramData\Oracle\Java\javapath;C:\Windows\system32;C:\Windows;C:\Windows\System32\Wbem;C:\Windows\System32\WindowsPowerShell\v1.0;C:\Windows\System32\OpenSSH;C:\Program Files (x86)\NVIDIA Corporation\PhysX\Common;C:\Program Files\NVIDIA Corporation\NVIDIA NvDLISR;D:\Git\cmd;D:\CMAKE\cmake-3.26.3-windows-x86_64\cmake-3.26.3-windows-x86_64\bin;D:\Ninja\ninja-win;C:\Program Files\MySQL\MySQL Shell 8.0\bin;C:\Users\balan\AppData\Local\Programs\Python\Python39\Scripts;C:\Users\balan\AppData\Local\Programs\Python\Python39;C:\Users\balan\AppData\Local\Programs\Python\Python310\Scripts;C:\Users\balan\AppData\Local\Programs\Python\Python310;D:\Python39\Scripts;D:\Python39;C:\Users\balan\AppData\Local\Microsoft\WindowsApps;D:\IntelliJ IDEA Community Edition 2022.3.1\bin;D:\WebStorm 2023.2.5\bin;D:\Microsoft VS Code\bin
USERNAME=balan
DISPLAY=:0.0
LC_ALL=en_US.UTF-8
TERM=xterm-256color
TMPDIR=C:\Users\balan\AppData\Local\Temp
OS=Windows_NT
PROCESSOR_IDENTIFIER=Intel64 Family 6 Model 165 Stepping 3, GenuineIntel
TMP=C:\Users\balan\AppData\Local\Temp
TEMP=C:\Users\balan\AppData\Local\Temp


JNI global refs:
JNI global refs: 0, weak refs: 0

JNI global refs memory usage: 0, weak refs: 0

OOME stack traces (most recent first):
Classloader memory used:


---------------  S Y S T E M  ---------------

OS:
 Windows 10 , 64 bit Build 19041 (10.0.19041.3636)
OS uptime: 34 days 6:18 hours

CPU: total 12 (initial active 12) (6 cores per cpu, 2 threads per core) family 6 model 165 stepping 3 microcode 0xcc, cx8, cmov, fxsr, ht, mmx, 3dnowpref, sse, sse2, sse3, ssse3, sse4.1, sse4.2, popcnt, lzcnt, tsc, tscinvbit, avx, avx2, aes, erms, clmul, bmi1, bmi2, adx, fma, vzeroupper, clflush, clflushopt

Memory: 4k page, system-wide physical 16298M (1022M free)
TotalPageFile size 24684M (AvailPageFile size 24M)
current process WorkingSet (physical memory assigned to process): 10M, peak: 10M
current process commit charge ("private bytes"): 64M, peak: 320M

vm_info: OpenJDK 64-Bit Server VM (17.0.7+0-b2043.56-10550314) for windows-amd64 JRE (17.0.7+0-b2043.56-10550314), built on Jul 24 2023 18:27:45 by "androidbuild" with MS VC++ 16.10 / 16.11 (VS2019)

END.
